<?xml version="1.0" encoding="UTF-8"?>
<!-- Generated by org.testng.reporters.JUnitReportReporter -->
<testsuite hostname="DESKTOP-4J4I018" failures="0" tests="1" name="Demo.ToTest" time="12.662" errors="0" timestamp="2021-10-18T00:24:42 IST" skipped="0">
  <testcase classname="Demo.ToTest" name="testOne" time="12.662"/>
  <system-out/>
</testsuite> <!-- Demo.ToTest -->
