<?xml version="1.0" encoding="UTF-8"?>
<!-- Generated by org.testng.reporters.JUnitReportReporter -->
<testsuite skipped="0" hostname="DESKTOP-4J4I018" name="Demo.toSearchKudosTest" tests="1" failures="0" timestamp="2021-10-20T13:23:16 IST" time="26.059" errors="0">
  <testcase name="tFour" time="26.059" classname="Demo.toSearchKudosTest"/>
  <system-out/>
</testsuite> <!-- Demo.toSearchKudosTest -->
