<?xml version="1.0" encoding="UTF-8"?>
<!-- Generated by org.testng.reporters.JUnitReportReporter -->
<testsuite skipped="0" hostname="DESKTOP-4J4I018" name="Demo.toSendKudos" tests="1" failures="0" timestamp="2021-10-20T13:19:53 IST" time="40.362" errors="0">
  <testcase name="testCEmptyComents" time="40.362" classname="Demo.toSendKudos"/>
  <system-out/>
</testsuite> <!-- Demo.toSendKudos -->
