<?xml version="1.0" encoding="UTF-8"?>
<!-- Generated by org.testng.reporters.JUnitReportReporter -->
<testsuite skipped="0" hostname="DESKTOP-4J4I018" name="Demo.ToDisplayTest" tests="1" failures="0" timestamp="2021-10-20T13:23:56 IST" time="11.855" errors="0">
  <testcase name="testTwo" time="11.855" classname="Demo.ToDisplayTest"/>
  <system-out/>
</testsuite> <!-- Demo.ToDisplayTest -->
