<?xml version="1.0" encoding="UTF-8"?>
<!-- Generated by org.testng.reporters.JUnitReportReporter -->
<testsuite skipped="0" hostname="DESKTOP-4J4I018" name="Demo.recentKudosTest" tests="1" failures="0" timestamp="2021-10-20T13:22:18 IST" time="0.819" errors="0">
  <testcase name="tFive" time="0.819" classname="Demo.recentKudosTest"/>
  <system-out/>
</testsuite> <!-- Demo.recentKudosTest -->
