<?xml version="1.0" encoding="UTF-8"?>
<!-- Generated by org.testng.reporters.JUnitReportReporter -->
<testsuite hostname="DESKTOP-4J4I018" failures="0" tests="1" name="Demo.ToDisplayTest" time="9.309" errors="0" timestamp="2021-10-18T01:48:00 IST" skipped="0">
  <testcase classname="Demo.ToDisplayTest" name="testTwo" time="9.309"/>
  <system-out/>
</testsuite> <!-- Demo.ToDisplayTest -->
