<?xml version="1.0" encoding="UTF-8"?>
<!-- Generated by org.testng.reporters.JUnitReportReporter -->
<testsuite skipped="0" hostname="DESKTOP-4J4I018" name="Demo.ToTestLoginPage" tests="2" failures="0" timestamp="2021-10-20T13:20:19 IST" time="11.532" errors="0">
  <testcase name="testInvalid" time="4.767" classname="Demo.ToTestLoginPage"/>
  <system-out/>
  <testcase name="testOne" time="6.765" classname="Demo.ToTestLoginPage"/>
  <system-out/>
</testsuite> <!-- Demo.ToTestLoginPage -->
