<?xml version="1.0" encoding="UTF-8"?>
<!-- Generated by org.testng.reporters.JUnitReportReporter -->
<testsuite hostname="DESKTOP-4J4I018" failures="0" tests="1" name="Demo.ToTestLoginPage" time="10.936" errors="0" timestamp="2021-10-18T01:10:33 IST" skipped="0">
  <testcase classname="Demo.ToTestLoginPage" name="testOne" time="10.936"/>
  <system-out/>
</testsuite> <!-- Demo.ToTestLoginPage -->
