<?xml version="1.0" encoding="UTF-8"?>
<!-- Generated by org.testng.reporters.JUnitReportReporter -->
<testsuite skipped="0" hostname="DESKTOP-4J4I018" name="Demo.OtherActivity" tests="5" failures="0" timestamp="2021-10-20T13:21:31 IST" time="21.073" errors="0">
  <testcase name="tSixofThree" time="1.463" classname="Demo.OtherActivity"/>
  <system-out/>
  <testcase name="tSixofTwo" time="1.167" classname="Demo.OtherActivity"/>
  <system-out/>
  <testcase name="tSixofFour" time="0.038" classname="Demo.OtherActivity"/>
  <system-out/>
  <testcase name="testCSelfkudos" time="17.405" classname="Demo.OtherActivity"/>
  <system-out/>
  <testcase name="TSix" time="1.000" classname="Demo.OtherActivity"/>
  <system-out/>
</testsuite> <!-- Demo.OtherActivity -->
