<?xml version="1.0" encoding="UTF-8"?>
<!-- Generated by org.testng.reporters.JUnitReportReporter -->
<testsuite hostname="DESKTOP-4J4I018" name="Demo.recentKudosTest" tests="1" failures="0" timestamp="20 Oct 2021 08:25:47 GMT" time="2.491" errors="0">
  <testcase name="tFive" time="2.491" classname="Demo.recentKudosTest"/>
</testsuite> <!-- Demo.recentKudosTest -->
