<?xml version="1.0" encoding="UTF-8"?>
<!-- Generated by org.testng.reporters.JUnitReportReporter -->
<testsuite hostname="DESKTOP-4J4I018" name="Demo.ToDisplayTest" tests="1" failures="0" timestamp="20 Oct 2021 08:25:47 GMT" time="20.619" errors="0">
  <testcase name="testTwo" time="20.619" classname="Demo.ToDisplayTest"/>
</testsuite> <!-- Demo.ToDisplayTest -->
