<?xml version="1.0" encoding="UTF-8"?>
<!-- Generated by org.testng.reporters.JUnitReportReporter -->
<testsuite hostname="DESKTOP-4J4I018" name="Demo.toSendKudos" tests="1" failures="0" timestamp="20 Oct 2021 08:25:47 GMT" time="41.190" errors="0">
  <testcase name="testCEmptyComents" time="41.190" classname="Demo.toSendKudos"/>
</testsuite> <!-- Demo.toSendKudos -->
