<?xml version="1.0" encoding="UTF-8"?>
<!-- Generated by org.testng.reporters.JUnitReportReporter -->
<testsuite hostname="DESKTOP-4J4I018" name="Demo.ToTestLoginPage" tests="2" failures="0" timestamp="20 Oct 2021 08:25:47 GMT" time="15.823" errors="0">
  <testcase name="testInvalid" time="6.883" classname="Demo.ToTestLoginPage"/>
  <testcase name="testOne" time="8.940" classname="Demo.ToTestLoginPage"/>
</testsuite> <!-- Demo.ToTestLoginPage -->
