<?xml version="1.0" encoding="UTF-8"?>
<!-- Generated by org.testng.reporters.JUnitReportReporter -->
<testsuite hostname="DESKTOP-4J4I018" name="Demo.toSendKudos" tests="1" failures="0" timestamp="20 Oct 2021 07:58:16 GMT" time="39.609" errors="0">
  <testcase name="testCEmptyComents" time="39.609" classname="Demo.toSendKudos"/>
</testsuite> <!-- Demo.toSendKudos -->
