<?xml version="1.0" encoding="UTF-8"?>
<!-- Generated by org.testng.reporters.JUnitReportReporter -->
<testsuite hostname="DESKTOP-4J4I018" name="Demo.ToDisplayTest" tests="1" failures="0" timestamp="20 Oct 2021 07:58:16 GMT" time="12.677" errors="0">
  <testcase name="testTwo" time="12.677" classname="Demo.ToDisplayTest"/>
</testsuite> <!-- Demo.ToDisplayTest -->
