<?xml version="1.0" encoding="UTF-8"?>
<!-- Generated by org.testng.reporters.JUnitReportReporter -->
<testsuite hostname="DESKTOP-4J4I018" name="Demo.toSearchKudosTest" tests="1" failures="0" timestamp="20 Oct 2021 08:25:47 GMT" time="25.703" errors="0">
  <testcase name="tFour" time="25.703" classname="Demo.toSearchKudosTest"/>
</testsuite> <!-- Demo.toSearchKudosTest -->
