<?xml version="1.0" encoding="UTF-8"?>
<!-- Generated by org.testng.reporters.JUnitReportReporter -->
<testsuite hostname="DESKTOP-4J4I018" name="Demo.ToTestLoginPage" tests="2" failures="0" timestamp="20 Oct 2021 07:58:16 GMT" time="11.015" errors="0">
  <testcase name="testInvalid" time="5.173" classname="Demo.ToTestLoginPage"/>
  <testcase name="testOne" time="5.842" classname="Demo.ToTestLoginPage"/>
</testsuite> <!-- Demo.ToTestLoginPage -->
